[2025-09-03 20:44:50,393] 1025 httpx - INFO - HTTP Request: GET https://dagshub.com/api/v1/user "HTTP/1.1 200 OK"
[2025-09-03 20:44:50,401] 107 dagshub - INFO - Accessing as sahithyagunda908
[2025-09-03 20:44:51,622] 1025 httpx - INFO - HTTP Request: GET https://dagshub.com/api/v1/repos/sahithyagunda908/mlops_project1_network_Security "HTTP/1.1 200 OK"
[2025-09-03 20:44:52,229] 1025 httpx - INFO - HTTP Request: GET https://dagshub.com/api/v1/user "HTTP/1.1 200 OK"
[2025-09-03 20:44:52,237] 107 dagshub - INFO - Initialized MLflow to track repo "sahithyagunda908/mlops_project1_network_Security"
[2025-09-03 20:44:52,278] 107 dagshub - INFO - Repository sahithyagunda908/mlops_project1_network_Security initialized!
[2025-09-03 20:45:12,717] 41 root - INFO - Start data Ingestion
[2025-09-03 20:45:25,071] 53 root - INFO - Performed train test split
[2025-09-03 20:45:25,072] 55 root - INFO - Exited spiltting_data_train_test method of DataIngestion class 
[2025-09-03 20:45:25,073] 59 root - INFO - Exporting train and test file path
[2025-09-03 20:45:25,140] 65 root - INFO - Exported train and test file paths
[2025-09-03 20:45:25,140] 44 root - INFO - Data Ingestion completed and artifact: DataIngestionArtifact(train_file_path='Artifacts\\09_03_2025_20_44_46\\data_ingestion\\ingested\\train.csv', test_file_path='Artifacts\\09_03_2025_20_44_46\\data_ingestion\\ingested\\test.csv')
[2025-09-03 20:45:25,140] 54 root - INFO - Initiate the data Validation
[2025-09-03 20:45:25,434] 57 root - INFO - Entered initiate data transformation method
[2025-09-03 20:45:25,439] 59 root - INFO - starting data transformation
[2025-09-03 20:45:25,521] 42 root - INFO - Entered get_data_transformer_object method of Transformation class
[2025-09-03 20:45:25,521] 47 root - INFO - Initialise KNNImputer with {'missing_values': nan, 'n_neighbors': 3, 'weights': 'uniform'}
[2025-09-03 20:45:25,542] 50 root - INFO - Entered the save_object method of MainUtils class
[2025-09-03 20:45:25,546] 54 root - INFO - Exited the save_object method of MainUtils class
[2025-09-03 20:45:25,546] 50 root - INFO - Entered the save_object method of MainUtils class
[2025-09-03 20:45:25,546] 54 root - INFO - Exited the save_object method of MainUtils class
