[2025-09-03 20:33:27,375] 1025 httpx - INFO - HTTP Request: GET https://dagshub.com/api/v1/user "HTTP/1.1 200 OK"
[2025-09-03 20:33:27,391] 107 dagshub - INFO - Accessing as sahithyagunda908
[2025-09-03 20:33:27,991] 1025 httpx - INFO - HTTP Request: GET https://dagshub.com/api/v1/repos/sahithyagunda908/mlops_project1_network_Security "HTTP/1.1 200 OK"
[2025-09-03 20:33:28,722] 1025 httpx - INFO - HTTP Request: GET https://dagshub.com/api/v1/user "HTTP/1.1 200 OK"
[2025-09-03 20:33:28,722] 107 dagshub - INFO - Initialized MLflow to track repo "sahithyagunda908/mlops_project1_network_Security"
[2025-09-03 20:33:28,767] 107 dagshub - INFO - Repository sahithyagunda908/mlops_project1_network_Security initialized!
[2025-09-03 20:34:00,270] 41 root - INFO - Start data Ingestion
[2025-09-03 20:34:11,594] 53 root - INFO - Performed train test split
[2025-09-03 20:34:11,594] 55 root - INFO - Exited spiltting_data_train_test method of DataIngestion class 
[2025-09-03 20:34:11,598] 59 root - INFO - Exporting train and test file path
[2025-09-03 20:34:11,663] 65 root - INFO - Exported train and test file paths
[2025-09-03 20:34:11,665] 44 root - INFO - Data Ingestion completed and artifact: DataIngestionArtifact(train_file_path='Artifacts\\09_03_2025_20_33_22\\data_ingestion\\ingested\\train.csv', test_file_path='Artifacts\\09_03_2025_20_33_22\\data_ingestion\\ingested\\test.csv')
[2025-09-03 20:34:11,671] 54 root - INFO - Initiate the data Validation
[2025-09-03 20:34:11,928] 57 root - INFO - Entered initiate data transformation method
[2025-09-03 20:34:11,928] 59 root - INFO - starting data transformation
[2025-09-03 20:34:11,998] 42 root - INFO - Entered get_data_transformer_object method of Transformation class
[2025-09-03 20:34:11,998] 47 root - INFO - Initialise KNNImputer with {'missing_values': nan, 'n_neighbors': 3, 'weights': 'uniform'}
[2025-09-03 20:34:12,023] 50 root - INFO - Entered the save_object method of MainUtils class
[2025-09-03 20:34:12,027] 54 root - INFO - Exited the save_object method of MainUtils class
[2025-09-03 20:34:12,027] 50 root - INFO - Entered the save_object method of MainUtils class
[2025-09-03 20:34:12,032] 54 root - INFO - Exited the save_object method of MainUtils class
