[2025-09-04 18:30:19,783] 41 root - INFO - Start data Ingestion
[2025-09-04 18:30:25,966] 53 root - INFO - Performed train test split
[2025-09-04 18:30:25,966] 55 root - INFO - Exited spiltting_data_train_test method of DataIngestion class 
[2025-09-04 18:30:25,966] 59 root - INFO - Exporting train and test file path
[2025-09-04 18:30:26,109] 65 root - INFO - Exported train and test file paths
[2025-09-04 18:30:26,109] 44 root - INFO - Data Ingestion completed and artifact: DataIngestionArtifact(train_file_path='Artifacts\\09_04_2025_18_30_06\\data_ingestion\\ingested\\train.csv', test_file_path='Artifacts\\09_04_2025_18_30_06\\data_ingestion\\ingested\\test.csv')
[2025-09-04 18:30:26,125] 54 root - INFO - Initiate the data Validation
[2025-09-04 18:30:26,600] 57 root - INFO - Entered initiate data transformation method
[2025-09-04 18:30:26,600] 59 root - INFO - starting data transformation
[2025-09-04 18:30:26,719] 42 root - INFO - Entered get_data_transformer_object method of Transformation class
[2025-09-04 18:30:26,719] 47 root - INFO - Initialise KNNImputer with {'missing_values': nan, 'n_neighbors': 3, 'weights': 'uniform'}
[2025-09-04 18:30:26,751] 50 root - INFO - Entered the save_object method of MainUtils class
[2025-09-04 18:30:26,767] 54 root - INFO - Exited the save_object method of MainUtils class
[2025-09-04 18:30:26,767] 50 root - INFO - Entered the save_object method of MainUtils class
[2025-09-04 18:30:26,767] 54 root - INFO - Exited the save_object method of MainUtils class
[2025-09-04 18:36:35,416] 868 urllib3.connectionpool - WARNING - Retrying (Retry(total=4, connect=5, read=4, redirect=5, status=5)) after connection broken by 'RemoteDisconnected('Remote end closed connection without response')': /sahithyagunda908/mlops_project1_network_Security.mlflow/api/2.0/mlflow/runs/get?run_uuid=abb967742db145789e34d4f4cba3cf5c&run_id=abb967742db145789e34d4f4cba3cf5c
[2025-09-04 18:36:59,984] 50 root - INFO - Entered the save_object method of MainUtils class
[2025-09-04 18:36:59,992] 54 root - INFO - Exited the save_object method of MainUtils class
[2025-09-04 18:36:59,993] 50 root - INFO - Entered the save_object method of MainUtils class
[2025-09-04 18:36:59,999] 54 root - INFO - Exited the save_object method of MainUtils class
[2025-09-04 18:36:59,999] 103 root - INFO - Model trainer artifact: ModelTrainerArtifact(trained_model_file_path='Artifacts\\09_04_2025_18_30_06\\model_trainer\\trained_model\\model.pkl', train_metric_artifact=ClassificationMetricArtifact(f1_score=0.9909255898366606, precision_score=0.9889313745220366, recall_score=0.9929278642149929), test_metric_artifact=ClassificationMetricArtifact(f1_score=0.9760923330585326, precision_score=0.9720853858784894, recall_score=0.9801324503311258))
