[2025-09-03 20:52:30,691] 1025 httpx - INFO - HTTP Request: GET https://dagshub.com/api/v1/user "HTTP/1.1 200 OK"
[2025-09-03 20:52:30,697] 107 dagshub - INFO - Accessing as sahithyagunda908
[2025-09-03 20:52:31,386] 1025 httpx - INFO - HTTP Request: GET https://dagshub.com/api/v1/repos/sahithyagunda908/mlops_project1_network_Security "HTTP/1.1 200 OK"
[2025-09-03 20:52:31,998] 1025 httpx - INFO - HTTP Request: GET https://dagshub.com/api/v1/user "HTTP/1.1 200 OK"
[2025-09-03 20:52:31,998] 107 dagshub - INFO - Initialized MLflow to track repo "sahithyagunda908/mlops_project1_network_Security"
[2025-09-03 20:52:32,014] 107 dagshub - INFO - Repository sahithyagunda908/mlops_project1_network_Security initialized!
[2025-09-03 20:52:42,370] 41 root - INFO - Start data Ingestion
[2025-09-03 20:52:56,340] 53 root - INFO - Performed train test split
[2025-09-03 20:52:56,340] 55 root - INFO - Exited spiltting_data_train_test method of DataIngestion class 
[2025-09-03 20:52:56,340] 59 root - INFO - Exporting train and test file path
[2025-09-03 20:52:56,409] 65 root - INFO - Exported train and test file paths
[2025-09-03 20:52:56,409] 44 root - INFO - Data Ingestion completed and artifact: DataIngestionArtifact(train_file_path='Artifacts\\09_03_2025_20_52_27\\data_ingestion\\ingested\\train.csv', test_file_path='Artifacts\\09_03_2025_20_52_27\\data_ingestion\\ingested\\test.csv')
[2025-09-03 20:52:56,419] 54 root - INFO - Initiate the data Validation
[2025-09-03 20:52:56,691] 57 root - INFO - Entered initiate data transformation method
[2025-09-03 20:52:56,691] 59 root - INFO - starting data transformation
[2025-09-03 20:52:56,771] 42 root - INFO - Entered get_data_transformer_object method of Transformation class
[2025-09-03 20:52:56,771] 47 root - INFO - Initialise KNNImputer with {'missing_values': nan, 'n_neighbors': 3, 'weights': 'uniform'}
[2025-09-03 20:52:56,833] 50 root - INFO - Entered the save_object method of MainUtils class
[2025-09-03 20:52:56,834] 54 root - INFO - Exited the save_object method of MainUtils class
[2025-09-03 20:52:56,834] 50 root - INFO - Entered the save_object method of MainUtils class
[2025-09-03 20:52:56,838] 54 root - INFO - Exited the save_object method of MainUtils class
